01/05/2023 07:50:06 AM 'TradePosition' object has no attribute 'tl'
Traceback (most recent call last):
  File "c:\mt5_bots\mt5_EA_v3\main.py", line 112, in trade_with_signal
    change_tp_sl()
  File "c:\mt5_bots\mt5_EA_v3\mt5_actions\order.py", line 207, in change_tp_sl
    if position.tl ==0.0:
AttributeError: 'TradePosition' object has no attribute 'tl'
01/05/2023 07:50:11 AM 'TradePosition' object has no attribute 'tl'
Traceback (most recent call last):
  File "c:\mt5_bots\mt5_EA_v3\main.py", line 112, in trade_with_signal
    change_tp_sl()
  File "c:\mt5_bots\mt5_EA_v3\mt5_actions\order.py", line 207, in change_tp_sl
    if position.tl ==0.0:
AttributeError: 'TradePosition' object has no attribute 'tl'
01/05/2023 07:50:32 AM 'TradePosition' object has no attribute 'tl'
Traceback (most recent call last):
  File "c:\mt5_bots\mt5_EA_v3\main.py", line 112, in trade_with_signal
    change_tp_sl()
  File "c:\mt5_bots\mt5_EA_v3\mt5_actions\order.py", line 207, in change_tp_sl
    if position.tl ==0.0:
AttributeError: 'TradePosition' object has no attribute 'tl'
01/05/2023 07:50:37 AM 'TradePosition' object has no attribute 'tl'
Traceback (most recent call last):
  File "c:\mt5_bots\mt5_EA_v3\main.py", line 112, in trade_with_signal
    change_tp_sl()
  File "c:\mt5_bots\mt5_EA_v3\mt5_actions\order.py", line 207, in change_tp_sl
    if position.tl ==0.0:
AttributeError: 'TradePosition' object has no attribute 'tl'
01/05/2023 07:50:42 AM 'TradePosition' object has no attribute 'tl'
Traceback (most recent call last):
  File "c:\mt5_bots\mt5_EA_v3\main.py", line 112, in trade_with_signal
    change_tp_sl()
  File "c:\mt5_bots\mt5_EA_v3\mt5_actions\order.py", line 207, in change_tp_sl
    if position.tl ==0.0:
AttributeError: 'TradePosition' object has no attribute 'tl'
01/05/2023 07:50:47 AM 'TradePosition' object has no attribute 'tl'
Traceback (most recent call last):
  File "c:\mt5_bots\mt5_EA_v3\main.py", line 112, in trade_with_signal
    change_tp_sl()
  File "c:\mt5_bots\mt5_EA_v3\mt5_actions\order.py", line 207, in change_tp_sl
    if position.tl ==0.0:
AttributeError: 'TradePosition' object has no attribute 'tl'
01/05/2023 07:50:52 AM 'TradePosition' object has no attribute 'tl'
Traceback (most recent call last):
  File "c:\mt5_bots\mt5_EA_v3\main.py", line 112, in trade_with_signal
    change_tp_sl()
  File "c:\mt5_bots\mt5_EA_v3\mt5_actions\order.py", line 207, in change_tp_sl
    if position.tl ==0.0:
AttributeError: 'TradePosition' object has no attribute 'tl'
01/05/2023 07:50:57 AM 'TradePosition' object has no attribute 'tl'
Traceback (most recent call last):
  File "c:\mt5_bots\mt5_EA_v3\main.py", line 112, in trade_with_signal
    change_tp_sl()
  File "c:\mt5_bots\mt5_EA_v3\mt5_actions\order.py", line 207, in change_tp_sl
    if position.tl ==0.0:
AttributeError: 'TradePosition' object has no attribute 'tl'
01/05/2023 07:51:02 AM 'TradePosition' object has no attribute 'tl'
Traceback (most recent call last):
  File "c:\mt5_bots\mt5_EA_v3\main.py", line 112, in trade_with_signal
    change_tp_sl()
  File "c:\mt5_bots\mt5_EA_v3\mt5_actions\order.py", line 207, in change_tp_sl
    if position.tl ==0.0:
AttributeError: 'TradePosition' object has no attribute 'tl'
01/05/2023 07:51:07 AM 'TradePosition' object has no attribute 'tl'
Traceback (most recent call last):
  File "c:\mt5_bots\mt5_EA_v3\main.py", line 112, in trade_with_signal
    change_tp_sl()
  File "c:\mt5_bots\mt5_EA_v3\mt5_actions\order.py", line 207, in change_tp_sl
    if position.tl ==0.0:
AttributeError: 'TradePosition' object has no attribute 'tl'
